Using pre-set license
Built from '2020.3/staging' branch; Version is '2020.3.25f1 (9b9180224418) revision 10195328'; Using compiler version '192528614'; Build Type 'Release'
OS: 'Windows 10  (10.0.19044) 64bit Core' Language: 'en' Physical Memory: 16243 MB
BatchMode: 1, IsHumanControllingUs: 0, StartBugReporterOnCrash: 0, Is64bit: 1, IsPro: 0

COMMAND LINE ARGUMENTS:
C:\Program Files\UnityEditors\2020.3.25f1\Editor\Unity.exe
-adb2
-batchMode
-noUpm
-name
AssetImportWorker0
-projectPath
E:/Unity/TheFrozenBanana_Project2
-logFile
Logs/AssetImportWorker0.log
-srvPort
57176
Successfully changed project path to: E:/Unity/TheFrozenBanana_Project2
E:/Unity/TheFrozenBanana_Project2
Using Asset Import Pipeline V2.
Refreshing native plugins compatible for Editor in 45.24 ms, found 3 plugins.
Preloading 0 native plugins for Editor in 0.00 ms.
Initialize engine version: 2020.3.25f1 (9b9180224418)
[Subsystems] Discovering subsystems at path C:/Program Files/UnityEditors/2020.3.25f1/Editor/Data/Resources/UnitySubsystems
[Subsystems] Discovering subsystems at path E:/Unity/TheFrozenBanana_Project2/Assets
GfxDevice: creating device client; threaded=0
Direct3D:
    Version:  Direct3D 11.0 [level 11.1]
    Renderer: Radeon RX 580 Series (ID=0x67df)
    Vendor:   
    VRAM:     8171 MB
    Driver:   30.0.14011.3017
Initialize mono
Mono path[0] = 'C:/Program Files/UnityEditors/2020.3.25f1/Editor/Data/Managed'
Mono path[1] = 'C:/Program Files/UnityEditors/2020.3.25f1/Editor/Data/MonoBleedingEdge/lib/mono/unityjit'
Mono config path = 'C:/Program Files/UnityEditors/2020.3.25f1/Editor/Data/MonoBleedingEdge/etc'
Using monoOptions --debugger-agent=transport=dt_socket,embedding=1,server=y,suspend=n,address=127.0.0.1:56368
Begin MonoManager ReloadAssembly
Registering precompiled unity dll's ...
Register platform support module: C:/Program Files/UnityEditors/2020.3.25f1/Editor/Data/PlaybackEngines/WebGLSupport/UnityEditor.WebGL.Extensions.dll
Register platform support module: C:/Program Files/UnityEditors/2020.3.25f1/Editor/Data/PlaybackEngines/WindowsStandaloneSupport/UnityEditor.WindowsStandalone.Extensions.dll
Registered in 0.003050 seconds.
Native extension for WindowsStandalone target not found
Native extension for WebGL target not found
Refreshing native plugins compatible for Editor in 46.17 ms, found 3 plugins.
Preloading 0 native plugins for Editor in 0.00 ms.
Mono: successfully reloaded assembly
- Completed reload, in  0.584 seconds
Domain Reload Profiling:
	ReloadAssembly (584ms)
		BeginReloadAssembly (61ms)
			ExecutionOrderSort (0ms)
			DisableScriptedObjects (0ms)
			BackupInstance (0ms)
			ReleaseScriptingObjects (0ms)
			CreateAndSetChildDomain (1ms)
		EndReloadAssembly (449ms)
			LoadAssemblies (58ms)
			RebuildTransferFunctionScriptingTraits (0ms)
			SetupTypeCache (149ms)
			ReleaseScriptCaches (0ms)
			RebuildScriptCaches (30ms)
			SetupLoadedEditorAssemblies (171ms)
				LogAssemblyErrors (0ms)
				InitializePlatformSupportModulesInManaged (5ms)
				SetLoadedEditorAssemblies (0ms)
				RefreshPlugins (46ms)
				BeforeProcessingInitializeOnLoad (16ms)
				ProcessInitializeOnLoadAttributes (78ms)
				ProcessInitializeOnLoadMethodAttributes (26ms)
				AfterProcessingInitializeOnLoad (0ms)
				EditorAssembliesLoaded (0ms)
			ExecutionOrderSort2 (0ms)
			AwakeInstancesAfterBackupRestoration (0ms)
Platform modules already initialized, skipping
Registering precompiled user dll's ...
Registered in 0.003913 seconds.
Begin MonoManager ReloadAssembly
Native extension for WindowsStandalone target not found
Native extension for WebGL target not found
Refreshing native plugins compatible for Editor in 44.38 ms, found 3 plugins.
Preloading 0 native plugins for Editor in 0.00 ms.
Mono: successfully reloaded assembly
- Completed reload, in  1.117 seconds
Domain Reload Profiling:
	ReloadAssembly (1119ms)
		BeginReloadAssembly (143ms)
			ExecutionOrderSort (0ms)
			DisableScriptedObjects (5ms)
			BackupInstance (0ms)
			ReleaseScriptingObjects (0ms)
			CreateAndSetChildDomain (17ms)
		EndReloadAssembly (912ms)
			LoadAssemblies (95ms)
			RebuildTransferFunctionScriptingTraits (0ms)
			SetupTypeCache (304ms)
			ReleaseScriptCaches (0ms)
			RebuildScriptCaches (50ms)
			SetupLoadedEditorAssemblies (351ms)
				LogAssemblyErrors (0ms)
				InitializePlatformSupportModulesInManaged (4ms)
				SetLoadedEditorAssemblies (0ms)
				RefreshPlugins (44ms)
				BeforeProcessingInitializeOnLoad (80ms)
				ProcessInitializeOnLoadAttributes (198ms)
				ProcessInitializeOnLoadMethodAttributes (16ms)
				AfterProcessingInitializeOnLoad (8ms)
				EditorAssembliesLoaded (0ms)
			ExecutionOrderSort2 (0ms)
			AwakeInstancesAfterBackupRestoration (6ms)
Platform modules already initialized, skipping
========================================================================
Worker process is ready to serve import requests
Launched and connected shader compiler UnityShaderCompiler.exe after 0.04 seconds
Refreshing native plugins compatible for Editor in 0.47 ms, found 3 plugins.
Preloading 0 native plugins for Editor in 0.00 ms.
Unloading 2345 Unused Serialized files (Serialized files now loaded: 0)
System memory in use before: 100.9 MB.
System memory in use after: 101.1 MB.

Unloading 29 unused Assets to reduce memory usage. Loaded Objects now: 2778.
Total: 2.877200 ms (FindLiveObjects: 0.201300 ms CreateObjectMapping: 0.116300 ms MarkObjects: 2.502400 ms  DeleteObjects: 0.056300 ms)

AssetImportParameters requested are different than current active one (requested -> active):
  custom:framework-win-MediaFoundation: 216162199b28c13a410421893ffa2e32 -> 
  custom:video-decoder-ogg-theora: a1e56fd34408186e4bbccfd4996cb3dc -> 
  custom:container-muxer-webm: aa71ff27fc2769a1b78a27578f13a17b -> 
  custom:container-demuxer-webm: 4f35f7cbe854078d1ac9338744f61a02 -> 
  custom:container-demuxer-ogg: 62fdf1f143b41e24485cea50d1cbac27 -> 
  custom:video-encoder-webm-vp8: eb34c28f22e8b96e1ab97ce403110664 -> 
  custom:video-decoder-webm-vp8: 9c59270c3fd7afecdb556c50c9e8de78 -> 
  custom:audio-decoder-ogg-vorbis: bf7c407c2cedff20999df2af8eb42d56 -> 
  custom:audio-encoder-webm-vorbis: bf7c407c2cedff20999df2af8eb42d56 -> 
========================================================================
Received Import Request.
  path: Assets/Graphics
  artifactKey: Guid(de8cb483240714e4aa526427f0ed5bea) Importer(815301076,1909f56bfc062723c751e8b465ee728b)
Start importing Assets/Graphics using Guid(de8cb483240714e4aa526427f0ed5bea) Importer(815301076,1909f56bfc062723c751e8b465ee728b)  -> (artifact id: 'ab09c4e5cbb92f79c6f09a877ac5b61d') in 0.003563 seconds 
  Import took 0.006488 seconds .

========================================================================
Received Import Request.
  Time since last request: 0.000311 seconds.
  path: Assets/Prefabs
  artifactKey: Guid(fe0861dfb66430f4087b1e7cfe63bab8) Importer(815301076,1909f56bfc062723c751e8b465ee728b)
Start importing Assets/Prefabs using Guid(fe0861dfb66430f4087b1e7cfe63bab8) Importer(815301076,1909f56bfc062723c751e8b465ee728b)  -> (artifact id: '9e9f7749721d3e9d26a8853db2de0369') in 0.001241 seconds 
  Import took 0.004590 seconds .

========================================================================
Received Import Request.
  Time since last request: 1.949208 seconds.
  path: Assets/Audio
  artifactKey: Guid(135f98f6677f96445ac1316b938f9c8c) Importer(815301076,1909f56bfc062723c751e8b465ee728b)
Start importing Assets/Audio using Guid(135f98f6677f96445ac1316b938f9c8c) Importer(815301076,1909f56bfc062723c751e8b465ee728b)  -> (artifact id: 'f3b18f24abe2652630de542399705e13') in 0.001404 seconds 
  Import took 0.004886 seconds .

========================================================================
Received Import Request.
  Time since last request: 1.306217 seconds.
  path: Assets/Scenes
  artifactKey: Guid(ce3edd1bf14a0864c8f81fb2d8d48194) Importer(815301076,1909f56bfc062723c751e8b465ee728b)
Start importing Assets/Scenes using Guid(ce3edd1bf14a0864c8f81fb2d8d48194) Importer(815301076,1909f56bfc062723c751e8b465ee728b)  -> (artifact id: 'd0ba94faea57d2c7090cd90c014c61b9') in 0.001368 seconds 
  Import took 0.004757 seconds .

========================================================================
Received Import Request.
  Time since last request: 5.273069 seconds.
  path: Assets/Scripts
  artifactKey: Guid(860a9b86e979d8d41bc4f575379424f4) Importer(815301076,1909f56bfc062723c751e8b465ee728b)
Start importing Assets/Scripts using Guid(860a9b86e979d8d41bc4f575379424f4) Importer(815301076,1909f56bfc062723c751e8b465ee728b)  -> (artifact id: '08f8a403361173f985ced96d9edeea0a') in 0.001258 seconds 
  Import took 0.004634 seconds .

========================================================================
Received Import Request.
  Time since last request: 18.215966 seconds.
  path: Assets/Scenes/Development
  artifactKey: Guid(6ec9f4b27d9a822409e0a251cc9c030a) Importer(815301076,1909f56bfc062723c751e8b465ee728b)
Start importing Assets/Scenes/Development using Guid(6ec9f4b27d9a822409e0a251cc9c030a) Importer(815301076,1909f56bfc062723c751e8b465ee728b)  -> (artifact id: '2a7b149d27fc647a8161f7eebe4f5e2f') in 0.001293 seconds 
  Import took 0.004687 seconds .

========================================================================
Received Import Request.
  Time since last request: 1.872391 seconds.
  path: Assets/Scenes/Development/Richard
  artifactKey: Guid(670b0190a59d04844aeee25e69d718ed) Importer(815301076,1909f56bfc062723c751e8b465ee728b)
Start importing Assets/Scenes/Development/Richard using Guid(670b0190a59d04844aeee25e69d718ed) Importer(815301076,1909f56bfc062723c751e8b465ee728b)  -> (artifact id: 'a002e3243e30745383eb2c400299d019') in 0.001358 seconds 
  Import took 0.004910 seconds .

========================================================================
Received Import Request.
  Time since last request: 24.959741 seconds.
  path: Assets/Scenes/Production
  artifactKey: Guid(f3539b33108644a4dbf62b79c782bf44) Importer(815301076,1909f56bfc062723c751e8b465ee728b)
Start importing Assets/Scenes/Production using Guid(f3539b33108644a4dbf62b79c782bf44) Importer(815301076,1909f56bfc062723c751e8b465ee728b)  -> (artifact id: 'b7834de1c3ba00dc75a8f1d96a5e5a25') in 0.001751 seconds 
  Import took 0.005254 seconds .

========================================================================
Received Import Request.
  Time since last request: 18.686781 seconds.
  path: Assets/Scenes/Development/Richard/Scenes
  artifactKey: Guid(41b37e34cb03fd94587749822a744264) Importer(815301076,1909f56bfc062723c751e8b465ee728b)
Start importing Assets/Scenes/Development/Richard/Scenes using Guid(41b37e34cb03fd94587749822a744264) Importer(815301076,1909f56bfc062723c751e8b465ee728b)  -> (artifact id: '3b4e772ab9bea46b60b40c492e841ba9') in 0.001352 seconds 
  Import took 0.004797 seconds .

