Using pre-set license
Built from '2020.3/staging' branch; Version is '2020.3.25f1 (9b9180224418) revision 10195328'; Using compiler version '192528614'; Build Type 'Release'
OS: 'Windows 10  (10.0.19042) 64bit Professional' Language: 'en' Physical Memory: 16341 MB
BatchMode: 1, IsHumanControllingUs: 0, StartBugReporterOnCrash: 0, Is64bit: 1, IsPro: 0

COMMAND LINE ARGUMENTS:
E:\UnityProjects\2020.3.25f1\Editor\Unity.exe
-adb2
-batchMode
-noUpm
-name
AssetImportWorker0
-projectPath
C:/Users/olon1/source/repos/Richie/TheFrozenBanana_Project2
-logFile
Logs/AssetImportWorker0.log
-srvPort
65295
Successfully changed project path to: C:/Users/olon1/source/repos/Richie/TheFrozenBanana_Project2
C:/Users/olon1/source/repos/Richie/TheFrozenBanana_Project2
Using Asset Import Pipeline V2.
Refreshing native plugins compatible for Editor in 51.94 ms, found 3 plugins.
Preloading 0 native plugins for Editor in 0.00 ms.
Initialize engine version: 2020.3.25f1 (9b9180224418)
[Subsystems] Discovering subsystems at path E:/UnityProjects/2020.3.25f1/Editor/Data/Resources/UnitySubsystems
[Subsystems] Discovering subsystems at path C:/Users/olon1/source/repos/Richie/TheFrozenBanana_Project2/Assets
GfxDevice: creating device client; threaded=0
Direct3D:
    Version:  Direct3D 11.0 [level 11.1]
    Renderer: NVIDIA GeForce GTX 1660 SUPER (ID=0x21c4)
    Vendor:   
    VRAM:     5991 MB
    Driver:   30.0.14.9613
Initialize mono
Mono path[0] = 'E:/UnityProjects/2020.3.25f1/Editor/Data/Managed'
Mono path[1] = 'E:/UnityProjects/2020.3.25f1/Editor/Data/MonoBleedingEdge/lib/mono/unityjit'
Mono config path = 'E:/UnityProjects/2020.3.25f1/Editor/Data/MonoBleedingEdge/etc'
Using monoOptions --debugger-agent=transport=dt_socket,embedding=1,server=y,suspend=n,address=127.0.0.1:56092
Begin MonoManager ReloadAssembly
Registering precompiled unity dll's ...
Register platform support module: E:/UnityProjects/2020.3.25f1/Editor/Data/PlaybackEngines/WebGLSupport/UnityEditor.WebGL.Extensions.dll
Register platform support module: E:/UnityProjects/2020.3.25f1/Editor/Data/PlaybackEngines/WindowsStandaloneSupport/UnityEditor.WindowsStandalone.Extensions.dll
Registered in 0.001404 seconds.
Native extension for WindowsStandalone target not found
Native extension for WebGL target not found
Refreshing native plugins compatible for Editor in 48.09 ms, found 3 plugins.
Preloading 0 native plugins for Editor in 0.00 ms.
Mono: successfully reloaded assembly
- Completed reload, in  0.668 seconds
Domain Reload Profiling:
	ReloadAssembly (668ms)
		BeginReloadAssembly (57ms)
			ExecutionOrderSort (0ms)
			DisableScriptedObjects (0ms)
			BackupInstance (0ms)
			ReleaseScriptingObjects (0ms)
			CreateAndSetChildDomain (1ms)
		EndReloadAssembly (534ms)
			LoadAssemblies (56ms)
			RebuildTransferFunctionScriptingTraits (0ms)
			SetupTypeCache (170ms)
			ReleaseScriptCaches (0ms)
			RebuildScriptCaches (39ms)
			SetupLoadedEditorAssemblies (191ms)
				LogAssemblyErrors (0ms)
				InitializePlatformSupportModulesInManaged (5ms)
				SetLoadedEditorAssemblies (0ms)
				RefreshPlugins (48ms)
				BeforeProcessingInitializeOnLoad (18ms)
				ProcessInitializeOnLoadAttributes (88ms)
				ProcessInitializeOnLoadMethodAttributes (31ms)
				AfterProcessingInitializeOnLoad (0ms)
				EditorAssembliesLoaded (0ms)
			ExecutionOrderSort2 (0ms)
			AwakeInstancesAfterBackupRestoration (0ms)
Platform modules already initialized, skipping
Registering precompiled user dll's ...
Registered in 0.005056 seconds.
Begin MonoManager ReloadAssembly
Native extension for WindowsStandalone target not found
Native extension for WebGL target not found
Refreshing native plugins compatible for Editor in 50.78 ms, found 3 plugins.
Preloading 0 native plugins for Editor in 0.00 ms.
Mono: successfully reloaded assembly
- Completed reload, in  1.283 seconds
Domain Reload Profiling:
	ReloadAssembly (1284ms)
		BeginReloadAssembly (169ms)
			ExecutionOrderSort (0ms)
			DisableScriptedObjects (5ms)
			BackupInstance (0ms)
			ReleaseScriptingObjects (0ms)
			CreateAndSetChildDomain (23ms)
		EndReloadAssembly (1054ms)
			LoadAssemblies (106ms)
			RebuildTransferFunctionScriptingTraits (0ms)
			SetupTypeCache (331ms)
			ReleaseScriptCaches (1ms)
			RebuildScriptCaches (69ms)
			SetupLoadedEditorAssemblies (407ms)
				LogAssemblyErrors (0ms)
				InitializePlatformSupportModulesInManaged (5ms)
				SetLoadedEditorAssemblies (0ms)
				RefreshPlugins (51ms)
				BeforeProcessingInitializeOnLoad (95ms)
				ProcessInitializeOnLoadAttributes (237ms)
				ProcessInitializeOnLoadMethodAttributes (17ms)
				AfterProcessingInitializeOnLoad (3ms)
				EditorAssembliesLoaded (0ms)
			ExecutionOrderSort2 (0ms)
			AwakeInstancesAfterBackupRestoration (7ms)
Platform modules already initialized, skipping
========================================================================
Worker process is ready to serve import requests
Launched and connected shader compiler UnityShaderCompiler.exe after 0.12 seconds
Refreshing native plugins compatible for Editor in 0.55 ms, found 3 plugins.
Preloading 0 native plugins for Editor in 0.00 ms.
Unloading 2345 Unused Serialized files (Serialized files now loaded: 0)
System memory in use before: 100.9 MB.
System memory in use after: 101.1 MB.

Unloading 29 unused Assets to reduce memory usage. Loaded Objects now: 2778.
Total: 4.581100 ms (FindLiveObjects: 0.279900 ms CreateObjectMapping: 0.183700 ms MarkObjects: 4.044300 ms  DeleteObjects: 0.071900 ms)

AssetImportParameters requested are different than current active one (requested -> active):
  custom:framework-win-MediaFoundation: 216162199b28c13a410421893ffa2e32 -> 
  custom:video-decoder-ogg-theora: a1e56fd34408186e4bbccfd4996cb3dc -> 
  custom:container-muxer-webm: aa71ff27fc2769a1b78a27578f13a17b -> 
  custom:container-demuxer-webm: 4f35f7cbe854078d1ac9338744f61a02 -> 
  custom:container-demuxer-ogg: 62fdf1f143b41e24485cea50d1cbac27 -> 
  custom:video-encoder-webm-vp8: eb34c28f22e8b96e1ab97ce403110664 -> 
  custom:video-decoder-webm-vp8: 9c59270c3fd7afecdb556c50c9e8de78 -> 
  custom:audio-decoder-ogg-vorbis: bf7c407c2cedff20999df2af8eb42d56 -> 
  custom:audio-encoder-webm-vorbis: bf7c407c2cedff20999df2af8eb42d56 -> 
========================================================================
Received Import Request.
  path: Assets/Graphics
  artifactKey: Guid(de8cb483240714e4aa526427f0ed5bea) Importer(815301076,1909f56bfc062723c751e8b465ee728b)
Start importing Assets/Graphics using Guid(de8cb483240714e4aa526427f0ed5bea) Importer(815301076,1909f56bfc062723c751e8b465ee728b)  -> (artifact id: '935809166c7193ba0ed664e7f6e91d49') in 0.015778 seconds 
  Import took 0.021327 seconds .

========================================================================
Received Import Request.
  Time since last request: 0.000214 seconds.
  path: Assets/Audio
  artifactKey: Guid(135f98f6677f96445ac1316b938f9c8c) Importer(815301076,1909f56bfc062723c751e8b465ee728b)
Start importing Assets/Audio using Guid(135f98f6677f96445ac1316b938f9c8c) Importer(815301076,1909f56bfc062723c751e8b465ee728b)  -> (artifact id: '1ba87de37779336af59cf4c80ef846ed') in 0.011661 seconds 
  Import took 0.017771 seconds .

========================================================================
Received Import Request.
  Time since last request: 0.000182 seconds.
  path: Assets/Scenes
  artifactKey: Guid(ce3edd1bf14a0864c8f81fb2d8d48194) Importer(815301076,1909f56bfc062723c751e8b465ee728b)
Start importing Assets/Scenes using Guid(ce3edd1bf14a0864c8f81fb2d8d48194) Importer(815301076,1909f56bfc062723c751e8b465ee728b)  -> (artifact id: '22ae0226ff4f442a6805ff750392f2c1') in 0.015697 seconds 
  Import took 0.020887 seconds .

========================================================================
Received Import Request.
  Time since last request: 0.000193 seconds.
  path: Assets/Prefabs
  artifactKey: Guid(fe0861dfb66430f4087b1e7cfe63bab8) Importer(815301076,1909f56bfc062723c751e8b465ee728b)
Start importing Assets/Prefabs using Guid(fe0861dfb66430f4087b1e7cfe63bab8) Importer(815301076,1909f56bfc062723c751e8b465ee728b)  -> (artifact id: '4b117859161471bbff45207a3e7df088') in 0.014216 seconds 
  Import took 0.020339 seconds .

========================================================================
Received Import Request.
  Time since last request: 0.000194 seconds.
  path: Assets/Scripts
  artifactKey: Guid(860a9b86e979d8d41bc4f575379424f4) Importer(815301076,1909f56bfc062723c751e8b465ee728b)
Start importing Assets/Scripts using Guid(860a9b86e979d8d41bc4f575379424f4) Importer(815301076,1909f56bfc062723c751e8b465ee728b)  -> (artifact id: 'e5c26c92721fc72085776436037696d3') in 0.011227 seconds 
  Import took 0.016695 seconds .

========================================================================
Received Import Request.
  Time since last request: 16.337472 seconds.
  path: Assets/Scenes/Development
  artifactKey: Guid(6ec9f4b27d9a822409e0a251cc9c030a) Importer(815301076,1909f56bfc062723c751e8b465ee728b)
Start importing Assets/Scenes/Development using Guid(6ec9f4b27d9a822409e0a251cc9c030a) Importer(815301076,1909f56bfc062723c751e8b465ee728b)  -> (artifact id: '505134bbb5a379b40e9aac5f895a1240') in 0.009184 seconds 
  Import took 0.021410 seconds .

========================================================================
Received Import Request.
  Time since last request: 2.038102 seconds.
  path: Assets/Scenes/Development/Scott
  artifactKey: Guid(a66e6709c4bfbd646b304d45a644392d) Importer(815301076,1909f56bfc062723c751e8b465ee728b)
Start importing Assets/Scenes/Development/Scott using Guid(a66e6709c4bfbd646b304d45a644392d) Importer(815301076,1909f56bfc062723c751e8b465ee728b)  -> (artifact id: 'b94837019cfdd1a252c3578a7431bdf8') in 0.008141 seconds 
  Import took 0.012037 seconds .

========================================================================
Received Import Request.
  Time since last request: 1.137920 seconds.
  path: Assets/Scenes/Development/Scott/ScottScene.unity
  artifactKey: Guid(82616a9fed31fce4bacca27c3de5fca3) Importer(815301076,1909f56bfc062723c751e8b465ee728b)
Start importing Assets/Scenes/Development/Scott/ScottScene.unity using Guid(82616a9fed31fce4bacca27c3de5fca3) Importer(815301076,1909f56bfc062723c751e8b465ee728b)  -> (artifact id: '6f6feeaee9e7c74b3568bd3c81556168') in 0.026089 seconds 
  Import took 0.029992 seconds .

========================================================================
Received Import Request.
  Time since last request: 4.272595 seconds.
  path: Assets/Scenes/SampleScene.unity
  artifactKey: Guid(2cda990e2423bbf4892e6590ba056729) Importer(815301076,1909f56bfc062723c751e8b465ee728b)
Start importing Assets/Scenes/SampleScene.unity using Guid(2cda990e2423bbf4892e6590ba056729) Importer(815301076,1909f56bfc062723c751e8b465ee728b)  -> (artifact id: 'aa27944bdea339c97c39027c7eea529c') in 0.008308 seconds 
  Import took 0.012169 seconds .

========================================================================
Received Import Request.
  Time since last request: 17.820730 seconds.
  path: Assets/Graphics/Models
  artifactKey: Guid(0411da430bc8ee743b26ce4a05185a35) Importer(815301076,1909f56bfc062723c751e8b465ee728b)
Start importing Assets/Graphics/Models using Guid(0411da430bc8ee743b26ce4a05185a35) Importer(815301076,1909f56bfc062723c751e8b465ee728b)  -> (artifact id: '3bd80af851bda8c3100a1caa50cfcb37') in 0.007962 seconds 
  Import took 0.012759 seconds .

========================================================================
Received Import Request.
  Time since last request: 4.532408 seconds.
  path: Assets/Graphics/Sprites
  artifactKey: Guid(b69bcb22daf4e324aa44f13a11af0b92) Importer(815301076,1909f56bfc062723c751e8b465ee728b)
Start importing Assets/Graphics/Sprites using Guid(b69bcb22daf4e324aa44f13a11af0b92) Importer(815301076,1909f56bfc062723c751e8b465ee728b)  -> (artifact id: '90019743bd4fc5055f56c37f34f6867f') in 0.008749 seconds 
  Import took 0.012621 seconds .

========================================================================
Received Import Request.
  Time since last request: 7.380012 seconds.
  path: Assets/Graphics/Animation
  artifactKey: Guid(a8ab7de5ebb86654493ff7ff81d87793) Importer(815301076,1909f56bfc062723c751e8b465ee728b)
Start importing Assets/Graphics/Animation using Guid(a8ab7de5ebb86654493ff7ff81d87793) Importer(815301076,1909f56bfc062723c751e8b465ee728b)  -> (artifact id: '8d5641b0993d45c5d86cbc0fcadae7ee') in 0.007664 seconds 
  Import took 0.012075 seconds .

========================================================================
Received Import Request.
  Time since last request: 22.252577 seconds.
  path: Assets/Graphics/Models/Characters
  artifactKey: Guid(a813dd2bd0ac08e41af3c091ab91f7a4) Importer(815301076,1909f56bfc062723c751e8b465ee728b)
Start importing Assets/Graphics/Models/Characters using Guid(a813dd2bd0ac08e41af3c091ab91f7a4) Importer(815301076,1909f56bfc062723c751e8b465ee728b)  -> (artifact id: '4c2508d134bdf04eb4b3414143a7b851') in 0.007933 seconds 
  Import took 0.012299 seconds .

========================================================================
Received Import Request.
  Time since last request: 6.676260 seconds.
  path: Assets/Graphics/Models/Environment
  artifactKey: Guid(e135669eac4a96d4894f7835ba30ef71) Importer(815301076,1909f56bfc062723c751e8b465ee728b)
Start importing Assets/Graphics/Models/Environment using Guid(e135669eac4a96d4894f7835ba30ef71) Importer(815301076,1909f56bfc062723c751e8b465ee728b)  -> (artifact id: '1ee0dc342cc0349261e20c5d773bd61e') in 0.007688 seconds 
  Import took 0.011620 seconds .

========================================================================
Received Import Request.
  Time since last request: 8.652082 seconds.
  path: Assets/Graphics/Models/Props
  artifactKey: Guid(d7b4fe8b19c1edd40af9aafc8bd24a1c) Importer(815301076,1909f56bfc062723c751e8b465ee728b)
Start importing Assets/Graphics/Models/Props using Guid(d7b4fe8b19c1edd40af9aafc8bd24a1c) Importer(815301076,1909f56bfc062723c751e8b465ee728b)  -> (artifact id: 'e7fb1487848a6422d1449e51e8e4cb68') in 0.007283 seconds 
  Import took 0.011188 seconds .

========================================================================
Received Import Request.
  Time since last request: 26.246085 seconds.
  path: Assets/Graphics/Animation/Characters
  artifactKey: Guid(509dd17da5d46ba4bafe280b7f79f408) Importer(815301076,1909f56bfc062723c751e8b465ee728b)
Start importing Assets/Graphics/Animation/Characters using Guid(509dd17da5d46ba4bafe280b7f79f408) Importer(815301076,1909f56bfc062723c751e8b465ee728b)  -> (artifact id: 'd4e0176aa35deb80af0c41491f2ff65c') in 0.002912 seconds 
  Import took 0.006879 seconds .

========================================================================
Received Import Request.
  Time since last request: 22.419269 seconds.
  path: Assets/Graphics/Sprites/Characters
  artifactKey: Guid(e807fa4d29662fa49a303516e1a47ea4) Importer(815301076,1909f56bfc062723c751e8b465ee728b)
Start importing Assets/Graphics/Sprites/Characters using Guid(e807fa4d29662fa49a303516e1a47ea4) Importer(815301076,1909f56bfc062723c751e8b465ee728b)  -> (artifact id: 'd4034fa3171fed984866f474c20141de') in 0.003100 seconds 
  Import took 0.007028 seconds .

========================================================================
Received Import Request.
  Time since last request: 5.117825 seconds.
  path: Assets/Graphics/Sprites/Environment
  artifactKey: Guid(5652404908a700a4493094328a7e7f9b) Importer(815301076,1909f56bfc062723c751e8b465ee728b)
Start importing Assets/Graphics/Sprites/Environment using Guid(5652404908a700a4493094328a7e7f9b) Importer(815301076,1909f56bfc062723c751e8b465ee728b)  -> (artifact id: '3b99a4279b1a14ecfaaffca3c7e4c82e') in 0.003021 seconds 
  Import took 0.007064 seconds .

========================================================================
Received Import Request.
  Time since last request: 5.184801 seconds.
  path: Assets/Graphics/Sprites/Props
  artifactKey: Guid(ab2a74cc01fbfff4882cc067c7bc51a2) Importer(815301076,1909f56bfc062723c751e8b465ee728b)
Start importing Assets/Graphics/Sprites/Props using Guid(ab2a74cc01fbfff4882cc067c7bc51a2) Importer(815301076,1909f56bfc062723c751e8b465ee728b)  -> (artifact id: '8f8208740992b5bfb2113e6cd2b126e6') in 0.002668 seconds 
  Import took 0.007487 seconds .

========================================================================
Received Import Request.
  Time since last request: 52.326218 seconds.
  path: Assets/Scripts/Interfaces
  artifactKey: Guid(769a24be1f5bdf24c99a790b4e1071bd) Importer(815301076,1909f56bfc062723c751e8b465ee728b)
Start importing Assets/Scripts/Interfaces using Guid(769a24be1f5bdf24c99a790b4e1071bd) Importer(815301076,1909f56bfc062723c751e8b465ee728b)  -> (artifact id: 'bc84e6c69e6f993179287954f7a0c66c') in 0.007832 seconds 
  Import took 0.012412 seconds .

========================================================================
Received Import Request.
  Time since last request: 5.479889 seconds.
  path: Assets/Scripts/New Folder
  artifactKey: Guid(3f2619ab46e040d468959e3d2d2753bf) Importer(815301076,1909f56bfc062723c751e8b465ee728b)
Start importing Assets/Scripts/New Folder using Guid(3f2619ab46e040d468959e3d2d2753bf) Importer(815301076,1909f56bfc062723c751e8b465ee728b)  -> (artifact id: '7f37a668879314f82a9754ee1b7ef5d0') in 0.008430 seconds 
  Import took 0.012231 seconds .

========================================================================
Received Import Request.
  Time since last request: 113.223565 seconds.
  path: Assets/Audio/SoundEffects
  artifactKey: Guid(6018e0201289f134496a114ecc03ef27) Importer(815301076,1909f56bfc062723c751e8b465ee728b)
Start importing Assets/Audio/SoundEffects using Guid(6018e0201289f134496a114ecc03ef27) Importer(815301076,1909f56bfc062723c751e8b465ee728b)  -> (artifact id: '2a0fe1572a6a62d20cc2c66f5df9114e') in 0.007477 seconds 
  Import took 0.011547 seconds .

========================================================================
Received Import Request.
  Time since last request: 18.340178 seconds.
  path: Assets/Audio/Music
  artifactKey: Guid(2af3c0479ebc290469815be69f53698c) Importer(815301076,1909f56bfc062723c751e8b465ee728b)
Start importing Assets/Audio/Music using Guid(2af3c0479ebc290469815be69f53698c) Importer(815301076,1909f56bfc062723c751e8b465ee728b)  -> (artifact id: 'c32c90412b817ebca5506bc75d645e2f') in 0.007838 seconds 
  Import took 0.011716 seconds .

AssetImportWorkerClient::OnTransportError - code=2 error=End of file
